e:\project1\project1\x64\debug\vc140.pdb
e:\project1\project1\x64\debug\myform2.obj
e:\project1\project1\x64\debug\myform1.obj
e:\project1\project1\x64\debug\myform.obj
e:\project1\project1\x64\debug\.netframework,version=v4.5.2.assemblyattributes.obj
e:\project1\project1\x64\debug\.netframework,version=v4.5.2.assemblyattributes.asm
e:\project1\project1\x64\debug\myform3.obj
e:\project1\x64\debug\project1.exe
e:\project1\x64\debug\project1.pdb
e:\project1\project1\x64\debug\project1.myform.resources
e:\project1\project1\x64\debug\project1.myform1.resources
e:\project1\project1\x64\debug\project1.myform2.resources
e:\project1\project1\x64\debug\project1.myform3.resources
e:\project1\project1\x64\debug\project1.vcxproj.generateresource.cache
e:\project1\project1\x64\debug\project1.vcxprojresolveassemblyreference.cache
e:\project1\project1\x64\debug\project1.tlog\cl.command.1.tlog
e:\project1\project1\x64\debug\project1.tlog\cl.read.1.tlog
e:\project1\project1\x64\debug\project1.tlog\cl.write.1.tlog
e:\project1\project1\x64\debug\project1.tlog\link.command.1.tlog
e:\project1\project1\x64\debug\project1.tlog\link.read.1.tlog
e:\project1\project1\x64\debug\project1.tlog\link.write.1.tlog
e:\project1\project1\x64\debug\project1.tlog\metagen.read.1.tlog
e:\project1\project1\x64\debug\project1.tlog\metagen.write.1.tlog
e:\project1\project1\x64\debug\project1.tlog\project1.write.1u.tlog
e:\project1\project1\x64\debug\project1.tlog\tzres.dll.bi
