e:\project1\project1\x64\release\vc140.pdb
e:\project1\project1\x64\release\myform3.obj
e:\project1\project1\x64\release\myform2.obj
e:\project1\project1\x64\release\myform1.obj
e:\project1\project1\x64\release\myform5.obj
e:\project1\project1\x64\release\myform4.obj
e:\project1\project1\x64\release\myform.obj
e:\project1\project1\x64\release\patient_donor_database.obj
e:\project1\project1\x64\release\myform9.obj
e:\project1\project1\x64\release\myform8.obj
e:\project1\project1\x64\release\myform7.obj
e:\project1\project1\x64\release\myform6.obj
e:\project1\project1\x64\release\main.obj
e:\project1\project1\x64\release\.netframework,version=v4.5.2.assemblyattributes.obj
e:\project1\project1\x64\release\.netframework,version=v4.5.2.assemblyattributes.asm
e:\project1\project1\x64\release\popup.obj
e:\project1\x64\release\project1.exe
e:\project1\x64\release\project1.pdb
e:\project1\project1\x64\release\project1.myform.resources
e:\project1\project1\x64\release\project1.myform1.resources
e:\project1\project1\x64\release\project1.myform2.resources
e:\project1\project1\x64\release\project1.myform3.resources
e:\project1\project1\x64\release\project1.myform4.resources
e:\project1\project1\x64\release\project1.myform5.resources
e:\project1\project1\x64\release\project1.myform6.resources
e:\project1\project1\x64\release\project1.myform7.resources
e:\project1\project1\x64\release\project1.myform8.resources
e:\project1\project1\x64\release\project1.myform9.resources
e:\project1\project1\x64\release\project1.popup.resources
e:\project1\project1\x64\release\project1.vcxproj.generateresource.cache
e:\project1\project1\x64\release\project1.vcxprojresolveassemblyreference.cache
e:\project1\project1\x64\release\project1.tlog\cl.command.1.tlog
e:\project1\project1\x64\release\project1.tlog\cl.read.1.tlog
e:\project1\project1\x64\release\project1.tlog\cl.write.1.tlog
e:\project1\project1\x64\release\project1.tlog\link.command.1.tlog
e:\project1\project1\x64\release\project1.tlog\link.read.1.tlog
e:\project1\project1\x64\release\project1.tlog\link.write.1.tlog
e:\project1\project1\x64\release\project1.tlog\metagen.read.1.tlog
e:\project1\project1\x64\release\project1.tlog\metagen.write.1.tlog
e:\project1\project1\x64\release\project1.tlog\project1.write.1u.tlog
e:\project1\project1\x64\release\project1.tlog\tzres.dll.bi
